#
# There is insufficient memory for the Java Runtime Environment to continue.
# Native memory allocation (malloc) failed to allocate 236736 bytes for Chunk::new
# Possible reasons:
#   The system is out of physical RAM or swap space
#   The process is running with CompressedOops enabled, and the Java Heap may be blocking the growth of the native heap
# Possible solutions:
#   Reduce memory load on the system
#   Increase physical memory or swap space
#   Check if swap backing store is full
#   Decrease Java heap size (-Xmx/-Xms)
#   Decrease number of Java threads
#   Decrease Java thread stack sizes (-Xss)
#   Set larger code cache with -XX:ReservedCodeCacheSize=
#   JVM is running with Zero Based Compressed Oops mode in which the Java heap is
#     placed in the first 32GB address space. The Java Heap base address is the
#     maximum limit for the native heap growth. Please use -XX:HeapBaseMinAddress
#     to set the Java Heap base and to place the Java Heap above 32GB virtual address.
# This output file may be truncated or incomplete.
#
#  Out of Memory Error (arena.cpp:184), pid=41056, tid=67140
#
# JRE version: OpenJDK Runtime Environment (20.0.2+9) (build 20.0.2+9-78)
# Java VM: OpenJDK 64-Bit Server VM (20.0.2+9-78, mixed mode, sharing, tiered, compressed oops, compressed class ptrs, g1 gc, windows-amd64)
# No core dump will be written. Minidumps are not enabled by default on client versions of Windows
#

---------------  S U M M A R Y ------------

Command Line: -agentlib:jdwp=transport=dt_socket,address=127.0.0.1:65148,suspend=y,server=n -ea -Didea.test.cyclic.buffer.size=1048576 -javaagent:C:\Users\timda\AppData\Local\JetBrains\IdeaIC2022.3\captureAgent\debugger-agent.jar=file:/C:/Users/timda/AppData/Local/Temp/capture.props -Dfile.encoding=UTF-8 -Dsun.stdout.encoding=UTF-8 -Dsun.stderr.encoding=UTF-8 com.intellij.rt.junit.JUnitStarter -ideVersion5 -junit4 test.cases.trello.BoardTest,createNewCardInExistingBoardWhenCreateCardClicked

Host: 11th Gen Intel(R) Core(TM) i7-1165G7 @ 2.80GHz, 8 cores, 15G,  Windows 11 , 64 bit Build 22621 (10.0.22621.2070)
Time: Thu Aug 31 17:15:36 2023 FLE Summer Time elapsed time: 2.056511 seconds (0d 0h 0m 2s)

---------------  T H R E A D  ---------------

Current thread (0x000001f7623a5bf0):  JavaThread "C2 CompilerThread0" daemon [_thread_in_native, id=67140, stack(0x0000005ded700000,0x0000005ded800000)]


Current CompileTask:
C2:   2056 1138       4       java.io.DataInputStream::readUTF (501 bytes)

Stack: [0x0000005ded700000,0x0000005ded800000]
Native frames: (J=compiled Java code, j=interpreted, Vv=VM code, C=native code)
V  [jvm.dll+0x6bc25a]
V  [jvm.dll+0x84971a]
V  [jvm.dll+0x84b315]
V  [jvm.dll+0x84ba13]
V  [jvm.dll+0x280e4f]
V  [jvm.dll+0xc2ab1]
V  [jvm.dll+0xc2dd5]
V  [jvm.dll+0x3bb64c]
V  [jvm.dll+0x385b75]
V  [jvm.dll+0x384fea]
V  [jvm.dll+0x24b529]
V  [jvm.dll+0x24a921]
V  [jvm.dll+0x1ce761]
V  [jvm.dll+0x25a0eb]
V  [jvm.dll+0x2587c0]
V  [jvm.dll+0x3f2dd5]
V  [jvm.dll+0x7f5c76]
V  [jvm.dll+0x6baecb]
C  [ucrtbase.dll+0x29363]
C  [KERNEL32.DLL+0x126ad]
C  [ntdll.dll+0x5aa68]


---------------  P R O C E S S  ---------------

Threads class SMR info:
_java_thread_list=0x000001f767a4f1b0, length=15, elements={
0x000001f7415aa770, 0x000001f7623975b0, 0x000001f762398d10, 0x000001f76239efb0,
0x000001f76239f780, 0x000001f76239fcd0, 0x000001f7623a1230, 0x000001f7623a5bf0,
0x000001f7623ad7d0, 0x000001f762368c20, 0x000001f766e0e850, 0x000001f766de87f0,
0x000001f766de9570, 0x000001f766e0d650, 0x000001f767b542e0
}

Java Threads: ( => current thread )
  0x000001f7415aa770 JavaThread "main" [_thread_blocked, id=17172, stack(0x0000005deca00000,0x0000005decb00000)]
  0x000001f7623975b0 JavaThread "Reference Handler" daemon [_thread_blocked, id=46764, stack(0x0000005ded100000,0x0000005ded200000)]
  0x000001f762398d10 JavaThread "Finalizer" daemon [_thread_blocked, id=46372, stack(0x0000005ded200000,0x0000005ded300000)]
  0x000001f76239efb0 JavaThread "Signal Dispatcher" daemon [_thread_blocked, id=64816, stack(0x0000005ded300000,0x0000005ded400000)]
  0x000001f76239f780 JavaThread "Attach Listener" daemon [_thread_blocked, id=61988, stack(0x0000005ded400000,0x0000005ded500000)]
  0x000001f76239fcd0 JavaThread "Service Thread" daemon [_thread_blocked, id=15176, stack(0x0000005ded500000,0x0000005ded600000)]
  0x000001f7623a1230 JavaThread "Monitor Deflation Thread" daemon [_thread_blocked, id=68252, stack(0x0000005ded600000,0x0000005ded700000)]
=>0x000001f7623a5bf0 JavaThread "C2 CompilerThread0" daemon [_thread_in_native, id=67140, stack(0x0000005ded700000,0x0000005ded800000)]
  0x000001f7623ad7d0 JavaThread "C1 CompilerThread0" daemon [_thread_blocked, id=40412, stack(0x0000005ded800000,0x0000005ded900000)]
  0x000001f762368c20 JavaThread "Common-Cleaner" daemon [_thread_blocked, id=69228, stack(0x0000005ded900000,0x0000005deda00000)]
  0x000001f766e0e850 JavaThread "JDWP Transport Listener: dt_socket" daemon [_thread_in_vm, id=61060, stack(0x0000005deda00000,0x0000005dedb00000)]
  0x000001f766de87f0 JavaThread "JDWP Event Helper Thread" daemon [_thread_blocked, id=27768, stack(0x0000005dedb00000,0x0000005dedc00000)]
  0x000001f766de9570 JavaThread "JDWP Command Reader" daemon [_thread_in_native, id=69276, stack(0x0000005dedc00000,0x0000005dedd00000)]
  0x000001f766e0d650 JavaThread "Notification Thread" daemon [_thread_blocked, id=52892, stack(0x0000005dedd00000,0x0000005dede00000)]
  0x000001f767b542e0 JavaThread "C2 CompilerThread1" daemon [_thread_blocked, id=20640, stack(0x0000005dedf00000,0x0000005dee000000)]

Other Threads:
  0x000001f76237d160 VMThread "VM Thread" [stack: 0x0000005ded000000,0x0000005ded100000] [id=53504]
  0x000001f766e0dba0 WatcherThread "VM Periodic Task Thread" [stack: 0x0000005dede00000,0x0000005dedf00000] [id=67956]
  0x000001f7415c68d0 WorkerThread "GC Thread#0" [stack: 0x0000005decb00000,0x0000005decc00000] [id=69012]
  0x000001f76731fdc0 WorkerThread "GC Thread#1" [stack: 0x0000005dee000000,0x0000005dee100000] [id=19116]
  0x000001f767320a20 WorkerThread "GC Thread#2" [stack: 0x0000005dee100000,0x0000005dee200000] [id=53748]
  0x000001f767a8a750 WorkerThread "GC Thread#3" [stack: 0x0000005dee200000,0x0000005dee300000] [id=28880]
  0x000001f767aa6080 WorkerThread "GC Thread#4" [stack: 0x0000005dee300000,0x0000005dee400000] [id=33168]
  0x000001f767aa6760 WorkerThread "GC Thread#5" [stack: 0x0000005dee400000,0x0000005dee500000] [id=23300]
  0x000001f767af1e40 WorkerThread "GC Thread#6" [stack: 0x0000005dee500000,0x0000005dee600000] [id=67288]
  0x000001f767af2110 WorkerThread "GC Thread#7" [stack: 0x0000005dee600000,0x0000005dee700000] [id=66764]
  0x000001f741629600 ConcurrentGCThread "G1 Main Marker" [stack: 0x0000005decc00000,0x0000005decd00000] [id=69000]
  0x000001f74162a7d0 WorkerThread "G1 Conc#0" [stack: 0x0000005decd00000,0x0000005dece00000] [id=66948]
  0x000001f74165e4a0 ConcurrentGCThread "G1 Refine#0" [stack: 0x0000005dece00000,0x0000005decf00000] [id=67484]
  0x000001f762239020 ConcurrentGCThread "G1 Service" [stack: 0x0000005decf00000,0x0000005ded000000] [id=46144]

Threads with active compile tasks:
C2 CompilerThread0     2092 1138       4       java.io.DataInputStream::readUTF (501 bytes)

VM state: not at safepoint (normal execution)

VM Mutex/Monitor currently owned by a thread: None

Heap address: 0x0000000705a00000, size: 4006 MB, Compressed Oops mode: Zero based, Oop shift amount: 3

CDS archive(s) mapped at: [0x000001f700000000-0x000001f700c60000-0x000001f700c60000), size 12976128, SharedBaseAddress: 0x000001f700000000, ArchiveRelocationMode: 1.
Compressed class space mapped at: 0x000001f701000000-0x000001f741000000, reserved size: 1073741824
Narrow klass base: 0x000001f700000000, Narrow klass shift: 0, Narrow klass range: 0x100000000

GC Precious Log:
 CardTable entry size: 512
 Card Set container configuration: InlinePtr #cards 4 size 8 Array Of Cards #cards 16 size 48 Howl #buckets 8 coarsen threshold 3686 Howl Bitmap #cards 512 size 80 coarsen threshold 460 Card regions per heap region 1 cards per card region 4096
 CPUs: 8 total, 8 available
 Memory: 16023M
 Large Page Support: Disabled
 NUMA Support: Disabled
 Compressed Oops: Enabled (Zero based)
 Heap Region Size: 2M
 Heap Min Capacity: 8M
 Heap Initial Capacity: 252M
 Heap Max Capacity: 4006M
 Pre-touch: Disabled
 Parallel Workers: 8
 Concurrent Workers: 2
 Concurrent Refinement Workers: 8
 Periodic GC: Disabled

Heap:
 garbage-first heap   total 258048K, used 10183K [0x0000000705a00000, 0x0000000800000000)
  region size 2048K, 6 young (12288K), 2 survivors (4096K)
 Metaspace       used 5966K, committed 6208K, reserved 1114112K
  class space    used 705K, committed 832K, reserved 1048576K

Heap Regions: E=young(eden), S=young(survivor), O=old, HS=humongous(starts), HC=humongous(continues), CS=collection set, F=free, OA=open archive, CA=closed archive, TAMS=top-at-mark-start, PB=parsable bottom
|   0|0x0000000705a00000, 0x0000000705a00000, 0x0000000705c00000|  0%| F|  |TAMS 0x0000000705a00000| PB 0x0000000705a00000| Untracked 
|   1|0x0000000705c00000, 0x0000000705c00000, 0x0000000705e00000|  0%| F|  |TAMS 0x0000000705c00000| PB 0x0000000705c00000| Untracked 
|   2|0x0000000705e00000, 0x0000000705e00000, 0x0000000706000000|  0%| F|  |TAMS 0x0000000705e00000| PB 0x0000000705e00000| Untracked 
|   3|0x0000000706000000, 0x0000000706000000, 0x0000000706200000|  0%| F|  |TAMS 0x0000000706000000| PB 0x0000000706000000| Untracked 
|   4|0x0000000706200000, 0x0000000706200000, 0x0000000706400000|  0%| F|  |TAMS 0x0000000706200000| PB 0x0000000706200000| Untracked 
|   5|0x0000000706400000, 0x0000000706400000, 0x0000000706600000|  0%| F|  |TAMS 0x0000000706400000| PB 0x0000000706400000| Untracked 
|   6|0x0000000706600000, 0x0000000706600000, 0x0000000706800000|  0%| F|  |TAMS 0x0000000706600000| PB 0x0000000706600000| Untracked 
|   7|0x0000000706800000, 0x0000000706800000, 0x0000000706a00000|  0%| F|  |TAMS 0x0000000706800000| PB 0x0000000706800000| Untracked 
|   8|0x0000000706a00000, 0x0000000706a00000, 0x0000000706c00000|  0%| F|  |TAMS 0x0000000706a00000| PB 0x0000000706a00000| Untracked 
|   9|0x0000000706c00000, 0x0000000706c00000, 0x0000000706e00000|  0%| F|  |TAMS 0x0000000706c00000| PB 0x0000000706c00000| Untracked 
|  10|0x0000000706e00000, 0x0000000706e00000, 0x0000000707000000|  0%| F|  |TAMS 0x0000000706e00000| PB 0x0000000706e00000| Untracked 
|  11|0x0000000707000000, 0x0000000707000000, 0x0000000707200000|  0%| F|  |TAMS 0x0000000707000000| PB 0x0000000707000000| Untracked 
|  12|0x0000000707200000, 0x0000000707200000, 0x0000000707400000|  0%| F|  |TAMS 0x0000000707200000| PB 0x0000000707200000| Untracked 
|  13|0x0000000707400000, 0x0000000707400000, 0x0000000707600000|  0%| F|  |TAMS 0x0000000707400000| PB 0x0000000707400000| Untracked 
|  14|0x0000000707600000, 0x0000000707600000, 0x0000000707800000|  0%| F|  |TAMS 0x0000000707600000| PB 0x0000000707600000| Untracked 
|  15|0x0000000707800000, 0x0000000707800000, 0x0000000707a00000|  0%| F|  |TAMS 0x0000000707800000| PB 0x0000000707800000| Untracked 
|  16|0x0000000707a00000, 0x0000000707a00000, 0x0000000707c00000|  0%| F|  |TAMS 0x0000000707a00000| PB 0x0000000707a00000| Untracked 
|  17|0x0000000707c00000, 0x0000000707c00000, 0x0000000707e00000|  0%| F|  |TAMS 0x0000000707c00000| PB 0x0000000707c00000| Untracked 
|  18|0x0000000707e00000, 0x0000000707e00000, 0x0000000708000000|  0%| F|  |TAMS 0x0000000707e00000| PB 0x0000000707e00000| Untracked 
|  19|0x0000000708000000, 0x0000000708000000, 0x0000000708200000|  0%| F|  |TAMS 0x0000000708000000| PB 0x0000000708000000| Untracked 
|  20|0x0000000708200000, 0x0000000708200000, 0x0000000708400000|  0%| F|  |TAMS 0x0000000708200000| PB 0x0000000708200000| Untracked 
|  21|0x0000000708400000, 0x0000000708400000, 0x0000000708600000|  0%| F|  |TAMS 0x0000000708400000| PB 0x0000000708400000| Untracked 
|  22|0x0000000708600000, 0x0000000708600000, 0x0000000708800000|  0%| F|  |TAMS 0x0000000708600000| PB 0x0000000708600000| Untracked 
|  23|0x0000000708800000, 0x0000000708800000, 0x0000000708a00000|  0%| F|  |TAMS 0x0000000708800000| PB 0x0000000708800000| Untracked 
|  24|0x0000000708a00000, 0x0000000708a00000, 0x0000000708c00000|  0%| F|  |TAMS 0x0000000708a00000| PB 0x0000000708a00000| Untracked 
|  25|0x0000000708c00000, 0x0000000708c00000, 0x0000000708e00000|  0%| F|  |TAMS 0x0000000708c00000| PB 0x0000000708c00000| Untracked 
|  26|0x0000000708e00000, 0x0000000708e00000, 0x0000000709000000|  0%| F|  |TAMS 0x0000000708e00000| PB 0x0000000708e00000| Untracked 
|  27|0x0000000709000000, 0x0000000709000000, 0x0000000709200000|  0%| F|  |TAMS 0x0000000709000000| PB 0x0000000709000000| Untracked 
|  28|0x0000000709200000, 0x0000000709200000, 0x0000000709400000|  0%| F|  |TAMS 0x0000000709200000| PB 0x0000000709200000| Untracked 
|  29|0x0000000709400000, 0x0000000709400000, 0x0000000709600000|  0%| F|  |TAMS 0x0000000709400000| PB 0x0000000709400000| Untracked 
|  30|0x0000000709600000, 0x0000000709600000, 0x0000000709800000|  0%| F|  |TAMS 0x0000000709600000| PB 0x0000000709600000| Untracked 
|  31|0x0000000709800000, 0x0000000709800000, 0x0000000709a00000|  0%| F|  |TAMS 0x0000000709800000| PB 0x0000000709800000| Untracked 
|  32|0x0000000709a00000, 0x0000000709a00000, 0x0000000709c00000|  0%| F|  |TAMS 0x0000000709a00000| PB 0x0000000709a00000| Untracked 
|  33|0x0000000709c00000, 0x0000000709c00000, 0x0000000709e00000|  0%| F|  |TAMS 0x0000000709c00000| PB 0x0000000709c00000| Untracked 
|  34|0x0000000709e00000, 0x0000000709e00000, 0x000000070a000000|  0%| F|  |TAMS 0x0000000709e00000| PB 0x0000000709e00000| Untracked 
|  35|0x000000070a000000, 0x000000070a000000, 0x000000070a200000|  0%| F|  |TAMS 0x000000070a000000| PB 0x000000070a000000| Untracked 
|  36|0x000000070a200000, 0x000000070a200000, 0x000000070a400000|  0%| F|  |TAMS 0x000000070a200000| PB 0x000000070a200000| Untracked 
|  37|0x000000070a400000, 0x000000070a400000, 0x000000070a600000|  0%| F|  |TAMS 0x000000070a400000| PB 0x000000070a400000| Untracked 
|  38|0x000000070a600000, 0x000000070a600000, 0x000000070a800000|  0%| F|  |TAMS 0x000000070a600000| PB 0x000000070a600000| Untracked 
|  39|0x000000070a800000, 0x000000070a800000, 0x000000070aa00000|  0%| F|  |TAMS 0x000000070a800000| PB 0x000000070a800000| Untracked 
|  40|0x000000070aa00000, 0x000000070aa00000, 0x000000070ac00000|  0%| F|  |TAMS 0x000000070aa00000| PB 0x000000070aa00000| Untracked 
|  41|0x000000070ac00000, 0x000000070ac00000, 0x000000070ae00000|  0%| F|  |TAMS 0x000000070ac00000| PB 0x000000070ac00000| Untracked 
|  42|0x000000070ae00000, 0x000000070ae00000, 0x000000070b000000|  0%| F|  |TAMS 0x000000070ae00000| PB 0x000000070ae00000| Untracked 
|  43|0x000000070b000000, 0x000000070b000000, 0x000000070b200000|  0%| F|  |TAMS 0x000000070b000000| PB 0x000000070b000000| Untracked 
|  44|0x000000070b200000, 0x000000070b200000, 0x000000070b400000|  0%| F|  |TAMS 0x000000070b200000| PB 0x000000070b200000| Untracked 
|  45|0x000000070b400000, 0x000000070b400000, 0x000000070b600000|  0%| F|  |TAMS 0x000000070b400000| PB 0x000000070b400000| Untracked 
|  46|0x000000070b600000, 0x000000070b600000, 0x000000070b800000|  0%| F|  |TAMS 0x000000070b600000| PB 0x000000070b600000| Untracked 
|  47|0x000000070b800000, 0x000000070b800000, 0x000000070ba00000|  0%| F|  |TAMS 0x000000070b800000| PB 0x000000070b800000| Untracked 
|  48|0x000000070ba00000, 0x000000070ba00000, 0x000000070bc00000|  0%| F|  |TAMS 0x000000070ba00000| PB 0x000000070ba00000| Untracked 
|  49|0x000000070bc00000, 0x000000070bc00000, 0x000000070be00000|  0%| F|  |TAMS 0x000000070bc00000| PB 0x000000070bc00000| Untracked 
|  50|0x000000070be00000, 0x000000070be00000, 0x000000070c000000|  0%| F|  |TAMS 0x000000070be00000| PB 0x000000070be00000| Untracked 
|  51|0x000000070c000000, 0x000000070c000000, 0x000000070c200000|  0%| F|  |TAMS 0x000000070c000000| PB 0x000000070c000000| Untracked 
|  52|0x000000070c200000, 0x000000070c200000, 0x000000070c400000|  0%| F|  |TAMS 0x000000070c200000| PB 0x000000070c200000| Untracked 
|  53|0x000000070c400000, 0x000000070c400000, 0x000000070c600000|  0%| F|  |TAMS 0x000000070c400000| PB 0x000000070c400000| Untracked 
|  54|0x000000070c600000, 0x000000070c600000, 0x000000070c800000|  0%| F|  |TAMS 0x000000070c600000| PB 0x000000070c600000| Untracked 
|  55|0x000000070c800000, 0x000000070c800000, 0x000000070ca00000|  0%| F|  |TAMS 0x000000070c800000| PB 0x000000070c800000| Untracked 
|  56|0x000000070ca00000, 0x000000070ca00000, 0x000000070cc00000|  0%| F|  |TAMS 0x000000070ca00000| PB 0x000000070ca00000| Untracked 
|  57|0x000000070cc00000, 0x000000070cc00000, 0x000000070ce00000|  0%| F|  |TAMS 0x000000070cc00000| PB 0x000000070cc00000| Untracked 
|  58|0x000000070ce00000, 0x000000070ce00000, 0x000000070d000000|  0%| F|  |TAMS 0x000000070ce00000| PB 0x000000070ce00000| Untracked 
|  59|0x000000070d000000, 0x000000070d000000, 0x000000070d200000|  0%| F|  |TAMS 0x000000070d000000| PB 0x000000070d000000| Untracked 
|  60|0x000000070d200000, 0x000000070d200000, 0x000000070d400000|  0%| F|  |TAMS 0x000000070d200000| PB 0x000000070d200000| Untracked 
|  61|0x000000070d400000, 0x000000070d400000, 0x000000070d600000|  0%| F|  |TAMS 0x000000070d400000| PB 0x000000070d400000| Untracked 
|  62|0x000000070d600000, 0x000000070d600000, 0x000000070d800000|  0%| F|  |TAMS 0x000000070d600000| PB 0x000000070d600000| Untracked 
|  63|0x000000070d800000, 0x000000070d800000, 0x000000070da00000|  0%| F|  |TAMS 0x000000070d800000| PB 0x000000070d800000| Untracked 
|  64|0x000000070da00000, 0x000000070da00000, 0x000000070dc00000|  0%| F|  |TAMS 0x000000070da00000| PB 0x000000070da00000| Untracked 
|  65|0x000000070dc00000, 0x000000070dc00000, 0x000000070de00000|  0%| F|  |TAMS 0x000000070dc00000| PB 0x000000070dc00000| Untracked 
|  66|0x000000070de00000, 0x000000070de00000, 0x000000070e000000|  0%| F|  |TAMS 0x000000070de00000| PB 0x000000070de00000| Untracked 
|  67|0x000000070e000000, 0x000000070e000000, 0x000000070e200000|  0%| F|  |TAMS 0x000000070e000000| PB 0x000000070e000000| Untracked 
|  68|0x000000070e200000, 0x000000070e200000, 0x000000070e400000|  0%| F|  |TAMS 0x000000070e200000| PB 0x000000070e200000| Untracked 
|  69|0x000000070e400000, 0x000000070e400000, 0x000000070e600000|  0%| F|  |TAMS 0x000000070e400000| PB 0x000000070e400000| Untracked 
|  70|0x000000070e600000, 0x000000070e600000, 0x000000070e800000|  0%| F|  |TAMS 0x000000070e600000| PB 0x000000070e600000| Untracked 
|  71|0x000000070e800000, 0x000000070e800000, 0x000000070ea00000|  0%| F|  |TAMS 0x000000070e800000| PB 0x000000070e800000| Untracked 
|  72|0x000000070ea00000, 0x000000070ea00000, 0x000000070ec00000|  0%| F|  |TAMS 0x000000070ea00000| PB 0x000000070ea00000| Untracked 
|  73|0x000000070ec00000, 0x000000070ec00000, 0x000000070ee00000|  0%| F|  |TAMS 0x000000070ec00000| PB 0x000000070ec00000| Untracked 
|  74|0x000000070ee00000, 0x000000070ee00000, 0x000000070f000000|  0%| F|  |TAMS 0x000000070ee00000| PB 0x000000070ee00000| Untracked 
|  75|0x000000070f000000, 0x000000070f000000, 0x000000070f200000|  0%| F|  |TAMS 0x000000070f000000| PB 0x000000070f000000| Untracked 
|  76|0x000000070f200000, 0x000000070f200000, 0x000000070f400000|  0%| F|  |TAMS 0x000000070f200000| PB 0x000000070f200000| Untracked 
|  77|0x000000070f400000, 0x000000070f400000, 0x000000070f600000|  0%| F|  |TAMS 0x000000070f400000| PB 0x000000070f400000| Untracked 
|  78|0x000000070f600000, 0x000000070f600000, 0x000000070f800000|  0%| F|  |TAMS 0x000000070f600000| PB 0x000000070f600000| Untracked 
|  79|0x000000070f800000, 0x000000070f800000, 0x000000070fa00000|  0%| F|  |TAMS 0x000000070f800000| PB 0x000000070f800000| Untracked 
|  80|0x000000070fa00000, 0x000000070fa00000, 0x000000070fc00000|  0%| F|  |TAMS 0x000000070fa00000| PB 0x000000070fa00000| Untracked 
|  81|0x000000070fc00000, 0x000000070fc00000, 0x000000070fe00000|  0%| F|  |TAMS 0x000000070fc00000| PB 0x000000070fc00000| Untracked 
|  82|0x000000070fe00000, 0x000000070fe00000, 0x0000000710000000|  0%| F|  |TAMS 0x000000070fe00000| PB 0x000000070fe00000| Untracked 
|  83|0x0000000710000000, 0x0000000710000000, 0x0000000710200000|  0%| F|  |TAMS 0x0000000710000000| PB 0x0000000710000000| Untracked 
|  84|0x0000000710200000, 0x0000000710200000, 0x0000000710400000|  0%| F|  |TAMS 0x0000000710200000| PB 0x0000000710200000| Untracked 
|  85|0x0000000710400000, 0x0000000710400000, 0x0000000710600000|  0%| F|  |TAMS 0x0000000710400000| PB 0x0000000710400000| Untracked 
|  86|0x0000000710600000, 0x0000000710600000, 0x0000000710800000|  0%| F|  |TAMS 0x0000000710600000| PB 0x0000000710600000| Untracked 
|  87|0x0000000710800000, 0x0000000710800000, 0x0000000710a00000|  0%| F|  |TAMS 0x0000000710800000| PB 0x0000000710800000| Untracked 
|  88|0x0000000710a00000, 0x0000000710a00000, 0x0000000710c00000|  0%| F|  |TAMS 0x0000000710a00000| PB 0x0000000710a00000| Untracked 
|  89|0x0000000710c00000, 0x0000000710c00000, 0x0000000710e00000|  0%| F|  |TAMS 0x0000000710c00000| PB 0x0000000710c00000| Untracked 
|  90|0x0000000710e00000, 0x0000000710e00000, 0x0000000711000000|  0%| F|  |TAMS 0x0000000710e00000| PB 0x0000000710e00000| Untracked 
|  91|0x0000000711000000, 0x0000000711000000, 0x0000000711200000|  0%| F|  |TAMS 0x0000000711000000| PB 0x0000000711000000| Untracked 
|  92|0x0000000711200000, 0x0000000711200000, 0x0000000711400000|  0%| F|  |TAMS 0x0000000711200000| PB 0x0000000711200000| Untracked 
|  93|0x0000000711400000, 0x0000000711400000, 0x0000000711600000|  0%| F|  |TAMS 0x0000000711400000| PB 0x0000000711400000| Untracked 
|  94|0x0000000711600000, 0x0000000711600000, 0x0000000711800000|  0%| F|  |TAMS 0x0000000711600000| PB 0x0000000711600000| Untracked 
|  95|0x0000000711800000, 0x0000000711800000, 0x0000000711a00000|  0%| F|  |TAMS 0x0000000711800000| PB 0x0000000711800000| Untracked 
|  96|0x0000000711a00000, 0x0000000711a00000, 0x0000000711c00000|  0%| F|  |TAMS 0x0000000711a00000| PB 0x0000000711a00000| Untracked 
|  97|0x0000000711c00000, 0x0000000711c00000, 0x0000000711e00000|  0%| F|  |TAMS 0x0000000711c00000| PB 0x0000000711c00000| Untracked 
|  98|0x0000000711e00000, 0x0000000711e00000, 0x0000000712000000|  0%| F|  |TAMS 0x0000000711e00000| PB 0x0000000711e00000| Untracked 
|  99|0x0000000712000000, 0x0000000712000000, 0x0000000712200000|  0%| F|  |TAMS 0x0000000712000000| PB 0x0000000712000000| Untracked 
| 100|0x0000000712200000, 0x0000000712200000, 0x0000000712400000|  0%| F|  |TAMS 0x0000000712200000| PB 0x0000000712200000| Untracked 
| 101|0x0000000712400000, 0x0000000712400000, 0x0000000712600000|  0%| F|  |TAMS 0x0000000712400000| PB 0x0000000712400000| Untracked 
| 102|0x0000000712600000, 0x0000000712600000, 0x0000000712800000|  0%| F|  |TAMS 0x0000000712600000| PB 0x0000000712600000| Untracked 
| 103|0x0000000712800000, 0x0000000712800000, 0x0000000712a00000|  0%| F|  |TAMS 0x0000000712800000| PB 0x0000000712800000| Untracked 
| 104|0x0000000712a00000, 0x0000000712a00000, 0x0000000712c00000|  0%| F|  |TAMS 0x0000000712a00000| PB 0x0000000712a00000| Untracked 
| 105|0x0000000712c00000, 0x0000000712c00000, 0x0000000712e00000|  0%| F|  |TAMS 0x0000000712c00000| PB 0x0000000712c00000| Untracked 
| 106|0x0000000712e00000, 0x0000000712e00000, 0x0000000713000000|  0%| F|  |TAMS 0x0000000712e00000| PB 0x0000000712e00000| Untracked 
| 107|0x0000000713000000, 0x0000000713000000, 0x0000000713200000|  0%| F|  |TAMS 0x0000000713000000| PB 0x0000000713000000| Untracked 
| 108|0x0000000713200000, 0x0000000713200000, 0x0000000713400000|  0%| F|  |TAMS 0x0000000713200000| PB 0x0000000713200000| Untracked 
| 109|0x0000000713400000, 0x0000000713400000, 0x0000000713600000|  0%| F|  |TAMS 0x0000000713400000| PB 0x0000000713400000| Untracked 
| 110|0x0000000713600000, 0x0000000713600000, 0x0000000713800000|  0%| F|  |TAMS 0x0000000713600000| PB 0x0000000713600000| Untracked 
| 111|0x0000000713800000, 0x0000000713800000, 0x0000000713a00000|  0%| F|  |TAMS 0x0000000713800000| PB 0x0000000713800000| Untracked 
| 112|0x0000000713a00000, 0x0000000713a00000, 0x0000000713c00000|  0%| F|  |TAMS 0x0000000713a00000| PB 0x0000000713a00000| Untracked 
| 113|0x0000000713c00000, 0x0000000713df1cb0, 0x0000000713e00000| 97%| S|CS|TAMS 0x0000000713c00000| PB 0x0000000713c00000| Complete 
| 114|0x0000000713e00000, 0x0000000714000000, 0x0000000714000000|100%| S|CS|TAMS 0x0000000713e00000| PB 0x0000000713e00000| Complete 
| 115|0x0000000714000000, 0x0000000714000000, 0x0000000714200000|  0%| F|  |TAMS 0x0000000714000000| PB 0x0000000714000000| Untracked 
| 116|0x0000000714200000, 0x0000000714200000, 0x0000000714400000|  0%| F|  |TAMS 0x0000000714200000| PB 0x0000000714200000| Untracked 
| 117|0x0000000714400000, 0x0000000714400000, 0x0000000714600000|  0%| F|  |TAMS 0x0000000714400000| PB 0x0000000714400000| Untracked 
| 118|0x0000000714600000, 0x0000000714600000, 0x0000000714800000|  0%| F|  |TAMS 0x0000000714600000| PB 0x0000000714600000| Untracked 
| 119|0x0000000714800000, 0x0000000714800000, 0x0000000714a00000|  0%| F|  |TAMS 0x0000000714800000| PB 0x0000000714800000| Untracked 
| 120|0x0000000714a00000, 0x0000000714a00000, 0x0000000714c00000|  0%| F|  |TAMS 0x0000000714a00000| PB 0x0000000714a00000| Untracked 
| 121|0x0000000714c00000, 0x0000000714c00000, 0x0000000714e00000|  0%| F|  |TAMS 0x0000000714c00000| PB 0x0000000714c00000| Untracked 
| 122|0x0000000714e00000, 0x0000000714e57d40, 0x0000000715000000| 17%| E|  |TAMS 0x0000000714e00000| PB 0x0000000714e00000| Complete 
| 123|0x0000000715000000, 0x0000000715200000, 0x0000000715200000|100%| E|CS|TAMS 0x0000000715000000| PB 0x0000000715000000| Complete 
| 124|0x0000000715200000, 0x0000000715400000, 0x0000000715400000|100%| E|CS|TAMS 0x0000000715200000| PB 0x0000000715200000| Complete 
| 125|0x0000000715400000, 0x0000000715600000, 0x0000000715600000|100%| E|CS|TAMS 0x0000000715400000| PB 0x0000000715400000| Complete 

Card table byte_map: [0x000001f75b0a0000,0x000001f75b880000] _byte_map_base: 0x000001f757873000

Marking Bits: (CMBitMap*) 0x000001f741618fd0
 Bits: [0x000001f75c060000, 0x000001f75fef8000)

Polling page: 0x000001f74ae10000

Metaspace:

Usage:
  Non-class:      5.14 MB used.
      Class:    705.24 KB used.
       Both:      5.83 MB used.

Virtual space:
  Non-class space:       64.00 MB reserved,       5.25 MB (  8%) committed,  1 nodes.
      Class space:        1.00 GB reserved,     832.00 KB ( <1%) committed,  1 nodes.
             Both:        1.06 GB reserved,       6.06 MB ( <1%) committed. 

Chunk freelists:
   Non-Class:  1.26 MB
       Class:  3.25 MB
        Both:  4.50 MB

MaxMetaspaceSize: unlimited
CompressedClassSpaceSize: 1.00 GB
Initial GC threshold: 21.00 MB
Current GC threshold: 21.00 MB
CDS: on
MetaspaceReclaimPolicy: balanced
 - commit_granule_bytes: 65536.
 - commit_granule_words: 8192.
 - virtual_space_node_default_size: 8388608.
 - enlarge_chunks_in_place: 1.
 - new_chunks_are_fully_committed: 0.
 - uncommit_free_chunks: 1.
 - use_allocation_guard: 0.


Internal statistics:

num_allocs_failed_limit: 0.
num_arena_births: 120.
num_arena_deaths: 0.
num_vsnodes_births: 2.
num_vsnodes_deaths: 0.
num_space_committed: 97.
num_space_uncommitted: 0.
num_chunks_returned_to_freelist: 0.
num_chunks_taken_from_freelist: 280.
num_chunk_merges: 0.
num_chunk_splits: 181.
num_chunks_enlarged: 130.
num_inconsistent_stats: 0.

CodeHeap 'non-profiled nmethods': size=120000Kb used=427Kb max_used=427Kb free=119572Kb
 bounds [0x000001f752920000, 0x000001f752b90000, 0x000001f759e50000]
CodeHeap 'profiled nmethods': size=120000Kb used=2059Kb max_used=2059Kb free=117940Kb
 bounds [0x000001f74ae50000, 0x000001f74b0c0000, 0x000001f752380000]
CodeHeap 'non-nmethods': size=5760Kb used=1600Kb max_used=1615Kb free=4159Kb
 bounds [0x000001f752380000, 0x000001f7525f0000, 0x000001f752920000]
 total_blobs=1634 nmethods=1167 adapters=378
 compilation: enabled
              stopped_count=0, restarted_count=0
 full_count=0

Compilation events (20 events):
Event: 2.039 Thread 0x000001f7623ad7d0 1134       3       java.io.DataInputStream::readUTF (5 bytes)
Event: 2.039 Thread 0x000001f7623ad7d0 nmethod 1134 0x000001f74b04aa10 code [0x000001f74b04aba0, 0x000001f74b04ace0]
Event: 2.040 Thread 0x000001f7623ad7d0 1144       3       java.io.DataInputStream::readUnsignedByte (22 bytes)
Event: 2.040 Thread 0x000001f7623ad7d0 nmethod 1144 0x000001f74b04ad90 code [0x000001f74b04af40, 0x000001f74b04b1e0]
Event: 2.040 Thread 0x000001f767b542e0 1139       4       java.io.BufferedInputStream::getBufIfOpen (21 bytes)
Event: 2.041 Thread 0x000001f767b542e0 nmethod 1139 0x000001f752987e10 code [0x000001f752987f80, 0x000001f752988028]
Event: 2.041 Thread 0x000001f767b542e0 1141       4       java.util.concurrent.locks.ReentrantLock$Sync::tryRelease (51 bytes)
Event: 2.043 Thread 0x000001f767b542e0 nmethod 1141 0x000001f752988110 code [0x000001f752988280, 0x000001f7529883b0]
Event: 2.043 Thread 0x000001f767b542e0 1143       4       java.util.concurrent.locks.ReentrantLock$NonfairSync::initialTryLock (58 bytes)
Event: 2.043 Thread 0x000001f7623ad7d0 1145       3       java.util.zip.Checksum::update (11 bytes)
Event: 2.043 Thread 0x000001f7623ad7d0 nmethod 1145 0x000001f74b04b310 code [0x000001f74b04b4a0, 0x000001f74b04b6b8]
Event: 2.043 Thread 0x000001f7623ad7d0 1146       3       java.util.zip.CRC32::update (38 bytes)
Event: 2.044 Thread 0x000001f7623ad7d0 nmethod 1146 0x000001f74b04b810 code [0x000001f74b04ba00, 0x000001f74b04be40]
Event: 2.044 Thread 0x000001f7623ad7d0 1147       3       java.util.zip.CRC32::updateBytes (14 bytes)
Event: 2.045 Thread 0x000001f7623ad7d0 nmethod 1147 0x000001f74b04c090 code [0x000001f74b04c260, 0x000001f74b04c628]
Event: 2.045 Thread 0x000001f7623ad7d0 1148       3       java.util.zip.CRC32::updateBytesCheck (35 bytes)
Event: 2.045 Thread 0x000001f7623ad7d0 nmethod 1148 0x000001f74b04c810 code [0x000001f74b04c9e0, 0x000001f74b04cd40]
Event: 2.048 Thread 0x000001f767b542e0 nmethod 1143 0x000001f752988490 code [0x000001f752988620, 0x000001f7529888a0]
Event: 2.048 Thread 0x000001f767b542e0 1142       4       java.util.concurrent.locks.AbstractQueuedSynchronizer::signalNext (34 bytes)
Event: 2.049 Thread 0x000001f767b542e0 nmethod 1142 0x000001f752988a10 code [0x000001f752988ba0, 0x000001f752988c88]

GC Heap History (2 events):
Event: 1.710 GC heap before
{Heap before GC invocations=0 (full 0):
 garbage-first heap   total 258048K, used 22528K [0x0000000705a00000, 0x0000000800000000)
  region size 2048K, 11 young (22528K), 0 survivors (0K)
 Metaspace       used 4587K, committed 4736K, reserved 1114112K
  class space    used 514K, committed 576K, reserved 1048576K
}
Event: 1.714 GC heap after
{Heap after GC invocations=1 (full 0):
 garbage-first heap   total 258048K, used 4039K [0x0000000705a00000, 0x0000000800000000)
  region size 2048K, 2 young (4096K), 2 survivors (4096K)
 Metaspace       used 4587K, committed 4736K, reserved 1114112K
  class space    used 514K, committed 576K, reserved 1048576K
}

Dll operation events (11 events):
Event: 0.057 Loaded shared library C:\Users\timda\.jdks\openjdk-20.0.2\bin\java.dll
Event: 0.059 Loaded shared library C:\Users\timda\.jdks\openjdk-20.0.2\bin\zip.dll
Event: 0.089 Loaded shared library C:\Users\timda\.jdks\openjdk-20.0.2\bin\jsvml.dll
Event: 0.326 Loaded shared library C:\Users\timda\.jdks\openjdk-20.0.2\bin\instrument.dll
Event: 0.405 Loaded shared library C:\Users\timda\.jdks\openjdk-20.0.2\bin\net.dll
Event: 0.407 Loaded shared library C:\Users\timda\.jdks\openjdk-20.0.2\bin\nio.dll
Event: 0.440 Loaded shared library C:\Users\timda\.jdks\openjdk-20.0.2\bin\zip.dll
Event: 0.588 Loaded shared library C:\Users\timda\.jdks\openjdk-20.0.2\bin\verify.dll
Event: 1.230 Loaded shared library C:\Users\timda\.jdks\openjdk-20.0.2\bin\jimage.dll
Event: 1.849 Loaded shared library C:\Users\timda\.jdks\openjdk-20.0.2\bin\management.dll
Event: 1.866 Loaded shared library C:\Users\timda\.jdks\openjdk-20.0.2\bin\management_ext.dll

Deoptimization events (20 events):
Event: 1.894 Thread 0x000001f7415aa770 Uncommon trap: trap_request=0xffffff45 fr.pc=0x000001f75296e958 relative=0x0000000000000bd8
Event: 1.894 Thread 0x000001f7415aa770 Uncommon trap: reason=unstable_if action=reinterpret pc=0x000001f75296e958 method=java.util.HashMap.putVal(ILjava/lang/Object;Ljava/lang/Object;ZZ)Ljava/lang/Object; @ 181 c2
Event: 1.894 Thread 0x000001f7415aa770 DEOPT PACKING pc=0x000001f75296e958 sp=0x0000005decafb660
Event: 1.894 Thread 0x000001f7415aa770 DEOPT UNPACKING pc=0x000001f75239d2a2 sp=0x0000005decafb620 mode 2
Event: 1.907 Thread 0x000001f7415aa770 Uncommon trap: trap_request=0xffffffc6 fr.pc=0x000001f75297e80c relative=0x00000000000003cc
Event: 1.907 Thread 0x000001f7415aa770 Uncommon trap: reason=bimorphic_or_optimized_type_check action=maybe_recompile pc=0x000001f75297e80c method=java.util.concurrent.ConcurrentHashMap.get(Ljava/lang/Object;)Ljava/lang/Object; @ 149 c2
Event: 1.907 Thread 0x000001f7415aa770 DEOPT PACKING pc=0x000001f75297e80c sp=0x0000005decafb280
Event: 1.907 Thread 0x000001f7415aa770 DEOPT UNPACKING pc=0x000001f75239d2a2 sp=0x0000005decafb210 mode 2
Event: 2.003 Thread 0x000001f7415aa770 Uncommon trap: trap_request=0xffffffc6 fr.pc=0x000001f75297e80c relative=0x00000000000003cc
Event: 2.003 Thread 0x000001f7415aa770 Uncommon trap: reason=bimorphic_or_optimized_type_check action=maybe_recompile pc=0x000001f75297e80c method=java.util.concurrent.ConcurrentHashMap.get(Ljava/lang/Object;)Ljava/lang/Object; @ 149 c2
Event: 2.003 Thread 0x000001f7415aa770 DEOPT PACKING pc=0x000001f75297e80c sp=0x0000005decafcb70
Event: 2.003 Thread 0x000001f7415aa770 DEOPT UNPACKING pc=0x000001f75239d2a2 sp=0x0000005decafcb00 mode 2
Event: 2.004 Thread 0x000001f7415aa770 Uncommon trap: trap_request=0xffffffc6 fr.pc=0x000001f75297e80c relative=0x00000000000003cc
Event: 2.004 Thread 0x000001f7415aa770 Uncommon trap: reason=bimorphic_or_optimized_type_check action=maybe_recompile pc=0x000001f75297e80c method=java.util.concurrent.ConcurrentHashMap.get(Ljava/lang/Object;)Ljava/lang/Object; @ 149 c2
Event: 2.004 Thread 0x000001f7415aa770 DEOPT PACKING pc=0x000001f75297e80c sp=0x0000005decafcb70
Event: 2.004 Thread 0x000001f7415aa770 DEOPT UNPACKING pc=0x000001f75239d2a2 sp=0x0000005decafcb00 mode 2
Event: 2.004 Thread 0x000001f7415aa770 Uncommon trap: trap_request=0xffffffc6 fr.pc=0x000001f75297e80c relative=0x00000000000003cc
Event: 2.004 Thread 0x000001f7415aa770 Uncommon trap: reason=bimorphic_or_optimized_type_check action=maybe_recompile pc=0x000001f75297e80c method=java.util.concurrent.ConcurrentHashMap.get(Ljava/lang/Object;)Ljava/lang/Object; @ 149 c2
Event: 2.004 Thread 0x000001f7415aa770 DEOPT PACKING pc=0x000001f75297e80c sp=0x0000005decafcb70
Event: 2.004 Thread 0x000001f7415aa770 DEOPT UNPACKING pc=0x000001f75239d2a2 sp=0x0000005decafcb00 mode 2

Classes loaded (20 events):
Event: 2.019 Loading class org/apache/logging/log4j/core/pattern/DatePatternConverter$UnixFormatter
Event: 2.019 Loading class org/apache/logging/log4j/core/pattern/DatePatternConverter$UnixFormatter done
Event: 2.020 Loading class org/apache/logging/log4j/core/pattern/DatePatternConverter$UnixMillisFormatter
Event: 2.020 Loading class org/apache/logging/log4j/core/pattern/DatePatternConverter$UnixMillisFormatter done
Event: 2.020 Loading class org/apache/logging/log4j/core/pattern/DatePatternConverter$PatternFormatter
Event: 2.020 Loading class org/apache/logging/log4j/core/pattern/DatePatternConverter$PatternFormatter done
Event: 2.021 Loading class org/apache/logging/log4j/core/pattern/DatePatternConverter$FixedFormatter
Event: 2.021 Loading class org/apache/logging/log4j/core/pattern/DatePatternConverter$FixedFormatter done
Event: 2.023 Loading class org/apache/logging/log4j/core/util/datetime/FixedDateFormat
Event: 2.023 Loading class org/apache/logging/log4j/core/util/datetime/FixedDateFormat done
Event: 2.024 Loading class org/apache/logging/log4j/core/time/MutableInstant
Event: 2.024 Loading class org/apache/logging/log4j/core/time/MutableInstant done
Event: 2.026 Loading class org/apache/logging/log4j/core/pattern/DatePatternConverter$CachedTime
Event: 2.026 Loading class org/apache/logging/log4j/core/pattern/DatePatternConverter$CachedTime done
Event: 2.041 Loading class sun/util/calendar/ZoneInfoFile$Checksum
Event: 2.041 Loading class sun/util/calendar/ZoneInfoFile$Checksum done
Event: 2.044 Loading class org/apache/logging/log4j/core/util/datetime/FixedDateFormat$FixedFormat
Event: 2.044 Loading class org/apache/logging/log4j/core/util/datetime/FixedDateFormat$FixedFormat done
Event: 2.049 Loading class org/apache/logging/log4j/core/util/datetime/FixedDateFormat$FixedTimeZoneFormat
Event: 2.049 Loading class org/apache/logging/log4j/core/util/datetime/FixedDateFormat$FixedTimeZoneFormat done

Classes unloaded (0 events):
No events

Classes redefined (0 events):
No events

Internal exceptions (20 events):
Event: 0.328 Thread 0x000001f7415aa770 Exception <a 'java/lang/NoSuchMethodError'{0x00000007152d4e98}: 'void java.lang.invoke.DirectMethodHandle$Holder.invokeStatic(java.lang.Object, java.lang.Object, java.lang.Object)'> (0x00000007152d4e98) 
thrown [s\open\src\hotspot\share\interpreter\linkResolver.cpp, line 773]
Event: 0.337 Thread 0x000001f7415aa770 Exception <a 'java/lang/NoSuchMethodError'{0x000000071535d038}: 'java.lang.Object java.lang.invoke.Invokers$Holder.invokeExact_MT(java.lang.Object, java.lang.Object, java.lang.Object, java.lang.Object, java.lang.Object)'> (0x000000071535d038) 
thrown [s\open\src\hotspot\share\interpreter\linkResolver.cpp, line 773]
Event: 0.613 Thread 0x000001f7415aa770 Exception <a 'java/io/FileNotFoundException'{0x0000000714f2d228}> (0x0000000714f2d228) 
thrown [s\open\src\hotspot\share\prims\jni.cpp, line 519]
Event: 0.947 Thread 0x000001f7415aa770 Exception <a 'java/lang/NoSuchMethodError'{0x0000000714dd7cf8}: 'java.lang.Object java.lang.invoke.DirectMethodHandle$Holder.invokeInterface(java.lang.Object, java.lang.Object)'> (0x0000000714dd7cf8) 
thrown [s\open\src\hotspot\share\interpreter\linkResolver.cpp, line 773]
Event: 0.948 Thread 0x000001f7415aa770 Exception <a 'java/lang/IncompatibleClassChangeError'{0x0000000714ddb210}: Found class java.lang.Object, but interface was expected> (0x0000000714ddb210) 
thrown [s\open\src\hotspot\share\interpreter\linkResolver.cpp, line 840]
Event: 0.994 Thread 0x000001f7415aa770 Exception <a 'java/lang/NoSuchMethodError'{0x0000000714a57e48}: 'java.lang.Object java.lang.invoke.DirectMethodHandle$Holder.newInvokeSpecial(java.lang.Object, java.lang.Object, java.lang.Object, java.lang.Object, java.lang.Object)'> (0x0000000714a57e48) 
thrown [s\open\src\hotspot\share\interpreter\linkResolver.cpp, line 773]
Event: 1.071 Thread 0x000001f7415aa770 Exception <a 'java/lang/NoSuchMethodError'{0x0000000714af2510}: 'long java.lang.invoke.DirectMethodHandle$Holder.invokeSpecial(java.lang.Object, java.lang.Object)'> (0x0000000714af2510) 
thrown [s\open\src\hotspot\share\interpreter\linkResolver.cpp, line 773]
Event: 1.073 Thread 0x000001f7415aa770 Exception <a 'java/lang/NoSuchMethodError'{0x0000000714af5a40}: 'long java.lang.invoke.Invokers$Holder.invokeExact_MT(java.lang.Object, java.lang.Object)'> (0x0000000714af5a40) 
thrown [s\open\src\hotspot\share\interpreter\linkResolver.cpp, line 773]
Event: 1.248 Thread 0x000001f7415aa770 Implicit null exception at 0x000001f752950247 to 0x000001f75295084c
Event: 1.294 Thread 0x000001f7415aa770 Exception <a 'java/lang/NoSuchMethodError'{0x00000007149a5ca0}: 'java.lang.Object java.lang.invoke.DirectMethodHandle$Holder.invokeStaticInit(java.lang.Object, java.lang.Object, java.lang.Object)'> (0x00000007149a5ca0) 
thrown [s\open\src\hotspot\share\interpreter\linkResolver.cpp, line 773]
Event: 1.304 Thread 0x000001f7415aa770 Exception <a 'java/lang/NoSuchMethodError'{0x00000007149bc540}: 'java.lang.Object java.lang.invoke.DirectMethodHandle$Holder.invokeStatic(java.lang.Object, java.lang.Object, int)'> (0x00000007149bc540) 
thrown [s\open\src\hotspot\share\interpreter\linkResolver.cpp, line 773]
Event: 1.307 Thread 0x000001f7415aa770 Exception <a 'java/lang/NoSuchMethodError'{0x00000007149c7a40}: 'void java.lang.invoke.DelegatingMethodHandle$Holder.delegate(java.lang.Object, java.lang.Object, int, java.lang.Object)'> (0x00000007149c7a40) 
thrown [s\open\src\hotspot\share\interpreter\linkResolver.cpp, line 773]
Event: 1.308 Thread 0x000001f7415aa770 Exception <a 'java/lang/NoSuchMethodError'{0x00000007149cb6d0}: 'int java.lang.invoke.DirectMethodHandle$Holder.invokeSpecial(java.lang.Object, java.lang.Object, java.lang.Object)'> (0x00000007149cb6d0) 
thrown [s\open\src\hotspot\share\interpreter\linkResolver.cpp, line 773]
Event: 1.372 Thread 0x000001f7415aa770 Exception <a 'java/lang/IncompatibleClassChangeError'{0x000000071463d6d0}: Found class java.lang.Object, but interface was expected> (0x000000071463d6d0) 
thrown [s\open\src\hotspot\share\interpreter\linkResolver.cpp, line 840]
Event: 1.386 Thread 0x000001f7415aa770 Exception <a 'java/lang/NoSuchMethodError'{0x0000000714652bb0}: 'void java.lang.invoke.DirectMethodHandle$Holder.invokeSpecial(java.lang.Object, java.lang.Object, java.lang.Object)'> (0x0000000714652bb0) 
thrown [s\open\src\hotspot\share\interpreter\linkResolver.cpp, line 773]
Event: 1.396 Thread 0x000001f7415aa770 Exception <a 'java/lang/NoSuchMethodError'{0x000000071466ac88}: 'java.lang.Object java.lang.invoke.DirectMethodHandle$Holder.newInvokeSpecial(java.lang.Object, java.lang.Object, java.lang.Object, int, java.lang.Object)'> (0x000000071466ac88) 
thrown [s\open\src\hotspot\share\interpreter\linkResolver.cpp, line 773]
Event: 1.399 Thread 0x000001f7415aa770 Exception <a 'java/lang/NoSuchMethodError'{0x0000000714672578}: 'java.lang.Object java.lang.invoke.Invokers$Holder.linkToTargetMethod(java.lang.Object, java.lang.Object, int, java.lang.Object, java.lang.Object)'> (0x0000000714672578) 
thrown [s\open\src\hotspot\share\interpreter\linkResolver.cpp, line 773]
Event: 1.758 Thread 0x000001f7415aa770 Exception <a 'java/lang/NoSuchMethodError'{0x000000071523bc48}: 'java.lang.Object java.lang.invoke.DirectMethodHandle$Holder.newInvokeSpecial(java.lang.Object, long, int, java.lang.Object)'> (0x000000071523bc48) 
thrown [s\open\src\hotspot\share\interpreter\linkResolver.cpp, line 773]
Event: 1.789 Thread 0x000001f7415aa770 Exception <a 'java/lang/NoSuchMethodError'{0x00000007152e4168}: 'void java.lang.invoke.DirectMethodHandle$Holder.invokeStatic(java.lang.Object, java.lang.Object, java.lang.Object, java.lang.Object)'> (0x00000007152e4168) 
thrown [s\open\src\hotspot\share\interpreter\linkResolver.cpp, line 773]
Event: 1.791 Thread 0x000001f7415aa770 Exception <a 'java/lang/NoSuchMethodError'{0x00000007152e7990}: 'void java.lang.invoke.DirectMethodHandle$Holder.invokeStaticInit(java.lang.Object, java.lang.Object, java.lang.Object, java.lang.Object)'> (0x00000007152e7990) 
thrown [s\open\src\hotspot\share\interpreter\linkResolver.cpp, line 773]

VM Operations (20 events):
Event: 0.749 Executing VM operation: ChangeBreakpoints
Event: 0.749 Executing VM operation: ChangeBreakpoints done
Event: 0.749 Executing VM operation: ChangeBreakpoints
Event: 0.749 Executing VM operation: ChangeBreakpoints done
Event: 1.065 Executing VM operation: HandshakeAllThreads
Event: 1.065 Executing VM operation: HandshakeAllThreads done
Event: 1.264 Executing VM operation: HandshakeAllThreads
Event: 1.264 Executing VM operation: HandshakeAllThreads done
Event: 1.353 Executing VM operation: HandshakeAllThreads
Event: 1.353 Executing VM operation: HandshakeAllThreads done
Event: 1.353 Executing VM operation: HandshakeAllThreads
Event: 1.353 Executing VM operation: HandshakeAllThreads done
Event: 1.377 Executing VM operation: HandshakeAllThreads
Event: 1.378 Executing VM operation: HandshakeAllThreads done
Event: 1.710 Executing VM operation: G1CollectForAllocation
Event: 1.714 Executing VM operation: G1CollectForAllocation done
Event: 1.818 Executing VM operation: HandshakeAllThreads
Event: 1.818 Executing VM operation: HandshakeAllThreads done
Event: 2.041 Executing VM operation: HandshakeAllThreads
Event: 2.042 Executing VM operation: HandshakeAllThreads done

Events (17 events):
Event: 0.090 Thread 0x000001f7415aa770 Thread added: 0x000001f7415aa770
Event: 0.109 Thread 0x000001f7623975b0 Thread added: 0x000001f7623975b0
Event: 0.110 Thread 0x000001f762398d10 Thread added: 0x000001f762398d10
Event: 0.110 Thread 0x000001f76239efb0 Thread added: 0x000001f76239efb0
Event: 0.110 Thread 0x000001f76239f780 Thread added: 0x000001f76239f780
Event: 0.110 Thread 0x000001f76239fcd0 Thread added: 0x000001f76239fcd0
Event: 0.110 Thread 0x000001f7623a1230 Thread added: 0x000001f7623a1230
Event: 0.110 Thread 0x000001f7623a5bf0 Thread added: 0x000001f7623a5bf0
Event: 0.111 Thread 0x000001f7623ad7d0 Thread added: 0x000001f7623ad7d0
Event: 0.240 Thread 0x000001f762368c20 Thread added: 0x000001f762368c20
Event: 0.281 Thread 0x000001f766e0e850 Thread added: 0x000001f766e0e850
Event: 0.282 Thread 0x000001f766de87f0 Thread added: 0x000001f766de87f0
Event: 0.282 Thread 0x000001f766de9570 Thread added: 0x000001f766de9570
Event: 0.367 Thread 0x000001f766e0d650 Thread added: 0x000001f766e0d650
Event: 1.019 Thread 0x000001f7672f20f0 Thread added: 0x000001f7672f20f0
Event: 1.748 Thread 0x000001f7672f20f0 Thread exited: 0x000001f7672f20f0
Event: 2.040 Thread 0x000001f767b542e0 Thread added: 0x000001f767b542e0


Dynamic libraries:
0x00007ff65b3d0000 - 0x00007ff65b3de000 	C:\Users\timda\.jdks\openjdk-20.0.2\bin\java.exe
0x00007ffe97b10000 - 0x00007ffe97d24000 	C:\WINDOWS\SYSTEM32\ntdll.dll
0x00007ffe96bc0000 - 0x00007ffe96c84000 	C:\WINDOWS\System32\KERNEL32.DLL
0x00007ffe94ef0000 - 0x00007ffe95294000 	C:\WINDOWS\System32\KERNELBASE.dll
0x00007ffe95360000 - 0x00007ffe95471000 	C:\WINDOWS\System32\ucrtbase.dll
0x00007ffe8fe00000 - 0x00007ffe8fe1b000 	C:\Users\timda\.jdks\openjdk-20.0.2\bin\VCRUNTIME140.dll
0x00007ffe8fd90000 - 0x00007ffe8fda7000 	C:\Users\timda\.jdks\openjdk-20.0.2\bin\jli.dll
0x00007ffe971b0000 - 0x00007ffe9735a000 	C:\WINDOWS\System32\USER32.dll
0x00007ffe95670000 - 0x00007ffe95696000 	C:\WINDOWS\System32\win32u.dll
0x00007ffe785a0000 - 0x00007ffe7882f000 	C:\WINDOWS\WinSxS\amd64_microsoft.windows.common-controls_6595b64144ccf1df_6.0.22621.2070_none_2713e6537381f706\COMCTL32.dll
0x00007ffe958d0000 - 0x00007ffe958f9000 	C:\WINDOWS\System32\GDI32.dll
0x00007ffe97000000 - 0x00007ffe970a7000 	C:\WINDOWS\System32\msvcrt.dll
0x00007ffe95710000 - 0x00007ffe95829000 	C:\WINDOWS\System32\gdi32full.dll
0x00007ffe95830000 - 0x00007ffe958ca000 	C:\WINDOWS\System32\msvcp_win.dll
0x00007ffe95980000 - 0x00007ffe959b1000 	C:\WINDOWS\System32\IMM32.DLL
0x00007ffe90b90000 - 0x00007ffe90b9c000 	C:\Users\timda\.jdks\openjdk-20.0.2\bin\vcruntime140_1.dll
0x00007ffe67870000 - 0x00007ffe678fe000 	C:\Users\timda\.jdks\openjdk-20.0.2\bin\msvcp140.dll
0x00007ffe0c170000 - 0x00007ffe0ce08000 	C:\Users\timda\.jdks\openjdk-20.0.2\bin\server\jvm.dll
0x00007ffe968b0000 - 0x00007ffe96960000 	C:\WINDOWS\System32\ADVAPI32.dll
0x00007ffe96e50000 - 0x00007ffe96ef6000 	C:\WINDOWS\System32\sechost.dll
0x00007ffe979b0000 - 0x00007ffe97ac7000 	C:\WINDOWS\System32\RPCRT4.dll
0x00007ffe71720000 - 0x00007ffe71729000 	C:\WINDOWS\SYSTEM32\WSOCK32.dll
0x00007ffe8b690000 - 0x00007ffe8b6c4000 	C:\WINDOWS\SYSTEM32\WINMM.dll
0x00007ffe95900000 - 0x00007ffe95971000 	C:\WINDOWS\System32\WS2_32.dll
0x00007ffe86070000 - 0x00007ffe8607a000 	C:\WINDOWS\SYSTEM32\VERSION.dll
0x00007ffe94020000 - 0x00007ffe94038000 	C:\WINDOWS\SYSTEM32\kernel.appcore.dll
0x00007ffe8c6e0000 - 0x00007ffe8c6ea000 	C:\Users\timda\.jdks\openjdk-20.0.2\bin\jimage.dll
0x00007ffe927a0000 - 0x00007ffe929ce000 	C:\WINDOWS\SYSTEM32\DBGHELP.DLL
0x00007ffe97620000 - 0x00007ffe979aa000 	C:\WINDOWS\System32\combase.dll
0x00007ffe96d70000 - 0x00007ffe96e47000 	C:\WINDOWS\System32\OLEAUT32.dll
0x00007ffe6b3e0000 - 0x00007ffe6b412000 	C:\WINDOWS\SYSTEM32\dbgcore.DLL
0x00007ffe95480000 - 0x00007ffe954fa000 	C:\WINDOWS\System32\bcryptPrimitives.dll
0x00007ffe8c170000 - 0x00007ffe8c1ac000 	C:\Users\timda\.jdks\openjdk-20.0.2\bin\jdwp.dll
0x00007ffe8c3a0000 - 0x00007ffe8c3ae000 	C:\Users\timda\.jdks\openjdk-20.0.2\bin\instrument.dll
0x00007ffe8c470000 - 0x00007ffe8c496000 	C:\Users\timda\.jdks\openjdk-20.0.2\bin\java.dll
0x00007ffe8c340000 - 0x00007ffe8c358000 	C:\Users\timda\.jdks\openjdk-20.0.2\bin\zip.dll
0x00007ffe55f60000 - 0x00007ffe56037000 	C:\Users\timda\.jdks\openjdk-20.0.2\bin\jsvml.dll
0x00007ffe959c0000 - 0x00007ffe961d6000 	C:\WINDOWS\System32\SHELL32.dll
0x00007ffe92ec0000 - 0x00007ffe937aa000 	C:\WINDOWS\SYSTEM32\windows.storage.dll
0x00007ffe92d80000 - 0x00007ffe92ebe000 	C:\WINDOWS\SYSTEM32\wintypes.dll
0x00007ffe96f00000 - 0x00007ffe96ff3000 	C:\WINDOWS\System32\SHCORE.dll
0x00007ffe96310000 - 0x00007ffe9636e000 	C:\WINDOWS\System32\shlwapi.dll
0x00007ffe94e20000 - 0x00007ffe94e46000 	C:\WINDOWS\SYSTEM32\profapi.dll
0x00007ffe8c330000 - 0x00007ffe8c33c000 	C:\Users\timda\.jdks\openjdk-20.0.2\bin\dt_socket.dll
0x00007ffe93ac0000 - 0x00007ffe93aed000 	C:\WINDOWS\SYSTEM32\IPHLPAPI.DLL
0x00007ffe944a0000 - 0x00007ffe94509000 	C:\WINDOWS\system32\mswsock.dll
0x00007ffe8c530000 - 0x00007ffe8c543000 	C:\Users\timda\.jdks\openjdk-20.0.2\bin\net.dll
0x00007ffe8d850000 - 0x00007ffe8d987000 	C:\WINDOWS\SYSTEM32\WINHTTP.dll
0x00007ffe8c3f0000 - 0x00007ffe8c406000 	C:\Users\timda\.jdks\openjdk-20.0.2\bin\nio.dll
0x00007ffe8c3e0000 - 0x00007ffe8c3f0000 	C:\Users\timda\.jdks\openjdk-20.0.2\bin\verify.dll
0x00007ffe8c320000 - 0x00007ffe8c32a000 	C:\Users\timda\.jdks\openjdk-20.0.2\bin\management.dll
0x00007ffe78860000 - 0x00007ffe7886b000 	C:\Users\timda\.jdks\openjdk-20.0.2\bin\management_ext.dll
0x00007ffe97500000 - 0x00007ffe97508000 	C:\WINDOWS\System32\PSAPI.DLL

dbghelp: loaded successfully - version: 4.0.5 - missing functions: none
symbol engine: initialized successfully - sym options: 0x614 - pdb path: .;C:\Users\timda\.jdks\openjdk-20.0.2\bin;C:\WINDOWS\SYSTEM32;C:\WINDOWS\WinSxS\amd64_microsoft.windows.common-controls_6595b64144ccf1df_6.0.22621.2070_none_2713e6537381f706;C:\Users\timda\.jdks\openjdk-20.0.2\bin\server

VM Arguments:
jvm_args: -agentlib:jdwp=transport=dt_socket,address=127.0.0.1:65148,suspend=y,server=n -ea -Didea.test.cyclic.buffer.size=1048576 -javaagent:C:\Users\timda\AppData\Local\JetBrains\IdeaIC2022.3\captureAgent\debugger-agent.jar=file:/C:/Users/timda/AppData/Local/Temp/capture.props -Dfile.encoding=UTF-8 -Dsun.stdout.encoding=UTF-8 -Dsun.stderr.encoding=UTF-8 
java_command: com.intellij.rt.junit.JUnitStarter -ideVersion5 -junit4 test.cases.trello.BoardTest,createNewCardInExistingBoardWhenCreateCardClicked
java_class_path (initial): C:\Program Files\JetBrains\IntelliJ IDEA Community Edition 2022.3.1\lib\idea_rt.jar;C:\Program Files\JetBrains\IntelliJ IDEA Community Edition 2022.3.1\plugins\junit\lib\junit5-rt.jar;C:\Program Files\JetBrains\IntelliJ IDEA Community Edition 2022.3.1\plugins\junit\lib\junit-rt.jar;C:\Users\timda\Downloads\Alpha-50-QA-main (9)\Alpha-50-QA-main\03. Web Testing\08. WebDriver II\TestAutomationFramework\target\test-classes;C:\Users\timda\Downloads\Alpha-50-QA-main (9)\Alpha-50-QA-main\03. Web Testing\08. WebDriver II\TestAutomationFramework\target\classes;C:\Users\timda\.m2\repository\org\seleniumhq\selenium\selenium-java\4.8.1\selenium-java-4.8.1.jar;C:\Users\timda\.m2\repository\org\seleniumhq\selenium\selenium-api\4.8.1\selenium-api-4.8.1.jar;C:\Users\timda\.m2\repository\org\seleniumhq\selenium\selenium-chrome-driver\4.8.1\selenium-chrome-driver-4.8.1.jar;C:\Users\timda\.m2\repository\com\google\auto\service\auto-service-annotations\1.0.1\auto-service-annotations-1.0.1.jar;C:\Users\timda\.m2\repository\com\google\auto\service\auto-service\1.0.1\auto-service-1.0.1.jar;C:\Users\timda\.m2\repository\com\google\auto\auto-common\1.2\auto-common-1.2.jar;C:\Users\timda\.m2\repository\com\google\guava\guava\31.1-jre\guava-31.1-jre.jar;C:\Users\timda\.m2\repository\com\google\guava\failureaccess\1.0.1\failureaccess-1.0.1.jar;C:\Users\timda\.m2\repository\com\google\guava\listenablefuture\9999.0-empty-to-avoid-conflict-with-guava\listenablefuture-9999.0-empty-to-avoid-conflict-with-guava.jar;C:\Users\timda\.m2\repository\com\google\code\findbugs\jsr305\3.0.2\jsr305-3.0.2.jar;C:\Users\timda\.m2\repository\org\checkerframework\checker-qual\3.12.0\checker-qual-3.12.0.jar;C:\Users\timda\.m2\repository\com\google\errorprone\error_prone_annotations\2.11.0\error_prone_annotations-2.11.0.jar;C:\Users\timda\.m2\repository\com\google\j2objc\j2objc-annotations\1.3\j2objc-annotations-1.3.jar;C:\Users\timda\.m2\repository\org\seleniumhq\selenium\selenium-chromium-driver\4.8.1\selenium-chromium-driver-4.8.1.jar;C:\Users\timda\.m2\repository\org\seleniumhq\selenium\selenium-json\4.8.1\selenium-json-4.8.1.jar;C:\Users\timda\.m2\repository\org\seleniumhq\selenium\selenium-devtools-v108\4.8.1\selenium-devtools-v108-4.8.1.jar;C:\Users\timda\.m2\repository\org\seleniumhq\selenium\selenium-devtools-v109\4.8.1\selenium-devtools-v109-4.8.1.jar;C:\Users\timda\.m2\repository\org\seleniumhq\selenium\selenium-devtools-v110\4.8.1\selenium-devtools-v110-4.8.1.jar;C:\Users\timda\.m2\repository\org\seleniumhq\selenium\selenium-devtools-v85\4.8.1\selenium-devtools-v85-4.8.1.jar;C:\Users\timda\.m2\repository\org\seleniumhq\selenium\selenium-edge-driver\4.8.1\selenium-edge-driver-4.8.1.jar;C:\Users\timda\.m2\repository\org\seleniumhq\selenium\selenium-firefox-driver\4.8.1\selenium-firefox-driver-4.8.1.jar;C:\Users\timda\.m2\repository\org\seleniumhq\selenium\selenium-http\4.8.1\selenium-http-4.8.1.jar;C:\Users\timda\.m2\repository\dev\failsafe\failsafe\3.3.0\failsafe-3.3.0.jar;C:\Users\timda\.m2\repository\org\seleniumhq\selenium\selenium-ie-driver\4.8.1\selenium-ie-driver-4.8.1.jar;C:\Users\timda\.m2\repository\org\seleniumhq\selenium\selenium-remote-driver\4.8.1\selenium-remote-driver-4.8.1.jar;C:\Users\timda\.m2\repository\com\beust\jcommander\1.82\jcommander-1.82.jar;C:\Users\timda\.m2\repository\io\netty\netty-buffer\4.1.87.Final\netty-buffer-4.1.87.Final.jar;C:\Users\timda\.m2\repository\io\netty\netty-codec-http\4.1.87.Final\netty-codec-http-4.1.87.Final.jar;C:\Users\timda\.m2\repository\io\netty\netty-codec\4.1.87.Final\netty-codec-4.1.87.Final.jar;C:\Users\timda\.m2\repository\io\netty\netty-handler\4.1.87.Final\netty-handler-4.1.87.Final.jar;C:\Users\timda\.m2\repository\io\netty\netty-common\4.1.87.Final\netty-common-4.1.87.Final.jar;C:\Users\timda\.m2\repository\io\netty\netty-transport-classes-epoll\4.1.87.Final\netty-transport-classes-epoll-4.1.87.Final.jar;C:\Users\timda\.m2\repository\io\netty\netty-transport-classes-kqueue\4.1.87.Final\netty-transport-classes-kqueue-4.1.87.Final.jar;C:\Users\timda\.m2\repository\io\netty\netty-transport-native-epoll\4.1.87.Final\netty-transport-native-epoll-4.1.87.Final.jar;C:\Users\timda\.m2\repository\io\netty\netty-transport-native-kqueue\4.1.87.Final\netty-transport-native-kqueue-4.1.87.Final.jar;C:\Users\timda\.m2\repository\io\netty\netty-transport-native-unix-common\4.1.87.Final\netty-transport-native-unix-common-4.1.87.Final.jar;C:\Users\timda\.m2\repository\io\netty\netty-transport\4.1.87.Final\netty-transport-4.1.87.Final.jar;C:\Users\timda\.m2\repository\io\netty\netty-resolver\4.1.87.Final\netty-resolver-4.1.87.Final.jar;C:\Users\timda\.m2\repository\io\opentelemetry\opentelemetry-api\1.22.0\opentelemetry-api-1.22.0.jar;C:\Users\timda\.m2\repository\io\opentelemetry\opentelemetry-context\1.22.0\opentelemetry-context-1.22.0.jar;C:\Users\timda\.m2\repository\io\opentelemetry\opentelemetry-exporter-logging\1.22.0\opentelemetry-exporter-logging-1.22.0.jar;C:\Users\timda\.m2\repository\io\opentelemetry\opentelemetry-sdk-metrics\1.22.0\opentelemetry-sdk-metrics-1.22.0.jar;C:\Users\timda\.m2\repository\io\opentelemetry\opentelemetry-sdk-logs\1.22.0-alpha\opentelemetry-sdk-logs-1.22.0-alpha.jar;C:\Users\timda\.m2\repository\io\opentelemetry\opentelemetry-api-logs\1.22.0-alpha\opentelemetry-api-logs-1.22.0-alpha.jar;C:\Users\timda\.m2\repository\io\opentelemetry\opentelemetry-sdk-common\1.22.0\opentelemetry-sdk-common-1.22.0.jar;C:\Users\timda\.m2\repository\io\opentelemetry\opentelemetry-sdk-extension-autoconfigure-spi\1.22.0\opentelemetry-sdk-extension-autoconfigure-spi-1.22.0.jar;C:\Users\timda\.m2\repository\io\opentelemetry\opentelemetry-sdk-extension-autoconfigure\1.22.0-alpha\opentelemetry-sdk-extension-autoconfigure-1.22.0-alpha.jar;C:\Users\timda\.m2\repository\io\opentelemetry\opentelemetry-sdk-trace\1.22.0\opentelemetry-sdk-trace-1.22.0.jar;C:\Users\timda\.m2\repository\io\opentelemetry\opentelemetry-sdk\1.22.0\opentelemetry-sdk-1.22.0.jar;C:\Users\timda\.m2\repository\io\opentelemetry\opentelemetry-semconv\1.22.0-alpha\opentelemetry-semconv-1.22.0-alpha.jar;C:\Users\timda\.m2\repository\io\ous\jtoml\2.0.0\jtoml-2.0.0.jar;C:\Users\timda\.m2\repository\net\bytebuddy\byte-buddy\1.12.22\byte-buddy-1.12.22.jar;C:\Users\timda\.m2\repository\org\apache\commons\commons-exec\1.3\commons-exec-1.3.jar;C:\Users\timda\.m2\repository\org\asynchttpclient\async-http-client\2.12.3\async-http-client-2.12.3.jar;C:\Users\timda\.m2\repository\org\asynchttpclient\async-http-client-netty-utils\2.12.3\async-http-client-netty-utils-2.12.3.jar;C:\Users\timda\.m2\repository\io\netty\netty-codec-socks\4.1.60.Final\netty-codec-socks-4.1.60.Final.jar;C:\Users\timda\.m2\repository\io\netty\netty-handler-proxy\4.1.60.Final\netty-handler-proxy-4.1.60.Final.jar;C:\Users\timda\.m2\repository\io\netty\netty-transport-native-epoll\4.1.60.Final\netty-transport-native-epoll-4.1.60.Final-linux-x86_64.jar;C:\Users\timda\.m2\repository\io\netty\netty-transport-native-kqueue\4.1.60.Final\netty-transport-native-kqueue-4.1.60.Final-osx-x86_64.jar;C:\Users\timda\.m2\repository\org\reactivestreams\reactive-streams\1.0.3\reactive-streams-1.0.3.jar;C:\Users\timda\.m2\repository\com\typesafe\netty\netty-reactive-streams\2.0.4\netty-reactive-streams-2.0.4.jar;C:\Users\timda\.m2\repository\org\slf4j\slf4j-api\1.7.30\slf4j-api-1.7.30.jar;C:\Users\timda\.m2\repository\com\sun\activation\jakarta.activation\1.2.2\jakarta.activation-1.2.2.jar;C:\Users\timda\.m2\repository\org\seleniumhq\selenium\selenium-manager\4.8.1\selenium-manager-4.8.1.jar;C:\Users\timda\.m2\repository\org\seleniumhq\selenium\selenium-safari-driver\4.8.1\selenium-safari-driver-4.8.1.jar;C:\Users\timda\.m2\repository\org\seleniumhq\selenium\selenium-support\4.8.1\selenium-support-4.8.1.jar;C:\Users\timda\.m2\repository\junit\junit\4.13.2\junit-4.13.2.jar;C:\Users\timda\.m2\repository\org\hamcrest\hamcrest-core\1.3\hamcrest-core-1.3.jar;C:\Users\timda\.m2\repository\org\apache\logging\log4j\log4j-core\2.20.0\log4j-core-2.20.0.jar;C:\Users\timda\.m2\repository\org\apache\logging\log4j\log4j-api\2.20.0\log4j-api-2.20.0.jar;C:\Users\timda\.m2\repository\org\junit\jupiter\junit-jupiter\5.10.0\junit-jupiter-5.10.0.jar;C:\Users\timda\.m2\repository\org\junit\jupiter\junit-jupiter-api\5.10.0\junit-jupiter-api-5.10.0.jar;C:\Users\timda\.m2\repository\org\opentest4j\opentest4j\1.3.0\opentest4j-1.3.0.jar;C:\Users\timda\.m2\repository\org\junit\platform\junit-platform-commons\1.10.0\junit-platform-commons-1.10.0.jar;C:\Users\timda\.m2\repository\org\apiguardian\apiguardian-api\1.1.2\apiguardian-api-1.1.2.jar;C:\Users\timda\.m2\repository\org\junit\jupiter\junit-jupiter-params\5.10.0\junit-jupiter-params-5.10.0.jar;C:\Users\timda\.m2\repository\org\junit\jupiter\junit-jupiter-engine\5.10.0\junit-jupiter-engine-5.10.0.jar;C:\Users\timda\.m2\repository\org\junit\platform\junit-platform-engine\1.10.0\junit-platform-engine-1.10.0.jar
Launcher Type: SUN_STANDARD

[Global flags]
     intx CICompilerCount                          = 4                                         {product} {ergonomic}
     uint ConcGCThreads                            = 2                                         {product} {ergonomic}
     uint G1ConcRefinementThreads                  = 8                                         {product} {ergonomic}
   size_t G1HeapRegionSize                         = 2097152                                   {product} {ergonomic}
    uintx GCDrainStackTargetSize                   = 64                                        {product} {ergonomic}
   size_t InitialHeapSize                          = 264241152                                 {product} {ergonomic}
   size_t MarkStackSize                            = 4194304                                   {product} {ergonomic}
   size_t MaxHeapSize                              = 4200595456                                {product} {ergonomic}
   size_t MaxNewSize                               = 2518679552                                {product} {ergonomic}
   size_t MinHeapDeltaBytes                        = 2097152                                   {product} {ergonomic}
   size_t MinHeapSize                              = 8388608                                   {product} {ergonomic}
    uintx NonNMethodCodeHeapSize                   = 5839372                                {pd product} {ergonomic}
    uintx NonProfiledCodeHeapSize                  = 122909434                              {pd product} {ergonomic}
    uintx ProfiledCodeHeapSize                     = 122909434                              {pd product} {ergonomic}
    uintx ReservedCodeCacheSize                    = 251658240                              {pd product} {ergonomic}
     bool SegmentedCodeCache                       = true                                      {product} {ergonomic}
   size_t SoftMaxHeapSize                          = 4200595456                             {manageable} {ergonomic}
     bool UseCompressedClassPointers               = true                           {product lp64_product} {ergonomic}
     bool UseCompressedOops                        = true                           {product lp64_product} {ergonomic}
     bool UseG1GC                                  = true                                      {product} {ergonomic}
     bool UseLargePagesIndividualAllocation        = false                                  {pd product} {ergonomic}

Logging:
Log output configuration:
 #0: stdout all=warning uptime,level,tags foldmultilines=false
 #1: stderr all=off uptime,level,tags foldmultilines=false

Environment Variables:
PATH=C:\Program Files\Common Files\Oracle\Java\javapath;C:\Python311\Scripts\;C:\Python311\;C:\WINDOWS\system32;C:\WINDOWS;C:\WINDOWS\System32\Wbem;C:\WINDOWS\System32\WindowsPowerShell\v1.0\;C:\WINDOWS\System32\OpenSSH\;C:\Program Files\Git\cmd;C:\Users\timda\AppData\Local\Microsoft\WindowsApps;C:\Users\timda\AppData\Local\Programs\Microsoft VS Code\bin;C:\Users\timda\OneDrive\Desktop\Maven\apache-maven-3.9.3\bin;
USERNAME=timda
OS=Windows_NT
PROCESSOR_IDENTIFIER=Intel64 Family 6 Model 140 Stepping 1, GenuineIntel
TMP=C:\Users\timda\AppData\Local\Temp
TEMP=C:\Users\timda\AppData\Local\Temp




---------------  S Y S T E M  ---------------

OS:
 Windows 11 , 64 bit Build 22621 (10.0.22621.2070)
OS uptime: 6 days 23:13 hours

CPU: total 8 (initial active 8) (4 cores per cpu, 2 threads per core) family 6 model 140 stepping 1 microcode 0xa6, cx8, cmov, fxsr, ht, mmx, 3dnowpref, sse, sse2, sse3, ssse3, sse4.1, sse4.2, popcnt, lzcnt, tsc, tscinvbit, avx, avx2, aes, erms, clmul, bmi1, bmi2, adx, avx512f, avx512dq, avx512cd, avx512bw, avx512vl, sha, fma, vzeroupper, avx512_vpopcntdq, avx512_vpclmulqdq, avx512_vaes, avx512_vnni, clflush, clflushopt, clwb, avx512_vbmi2, avx512_vbmi, rdtscp, rdpid, fsrm, gfni, avx512_bitalg, f16c, pku, cet_ibt, cet_ss, avx512_ifma

Memory: 4k page, system-wide physical 16023M (492M free)
TotalPageFile size 65175M (AvailPageFile size 3M)
current process WorkingSet (physical memory assigned to process): 84M, peak: 84M
current process commit charge ("private bytes"): 355M, peak: 355M

vm_info: OpenJDK 64-Bit Server VM (20.0.2+9-78) for windows-amd64 JRE (20.0.2+9-78), built on 2023-06-14T10:08:48Z by "mach5one" with MS VC++ 17.1 (VS2022)

END.
