2023-09-12 16:47:52,241 INFO  [main] Initializing WebDriver
2023-09-12 16:48:02,560 INFO  [main] Initializing WebDriver
2023-09-12 16:48:02,562 INFO  [main] Initializing WebDriver
2023-09-12 16:48:02,562 INFO  [main] Initializing WebDriver
2023-09-12 16:48:02,562 INFO  [main] Initializing WebDriver
2023-09-12 16:48:04,565 INFO  [main] Clicking on element jira.loginPage.continueButton
2023-09-12 16:48:04,988 INFO  [main] Clicking on element jira.loginPage.loginButton
2023-09-12 16:48:13,303 INFO  [main] Clicking on element jira.homePage.createItemButton
2023-09-12 16:48:16,588 INFO  [main] Clicking on element jira.homePage.issueTypeDropDown
2023-09-12 16:48:17,394 INFO  [main] Clicking on element jira.homePage.issueTypeDropDownNavigate
2023-09-12 16:48:17,465 INFO  [main] Clicking on element jira.homePage.issueTypeDropDownNavigate
2023-09-12 16:48:18,553 INFO  [main] Clicking on element jira.homePage.summaryInput
2023-09-12 16:48:19,382 INFO  [main] Clicking on element jira.homePage.descriptionField
2023-09-12 16:48:34,000 INFO  [main] Clicking on element jira.homePage.assigneeReporter
2023-09-12 16:48:34,832 INFO  [main] Clicking on element jira.homePage.assigneeInputField
2023-09-12 16:48:34,880 INFO  [main] Clicking on element //input[@id='priority-field']/..
2023-09-12 16:48:38,376 INFO  [main] Clicking on element //input[@id='priority-field']
2023-09-12 16:48:38,427 INFO  [main] Clicking on element jira.homePage.selectLabelField
2023-09-12 16:48:39,391 INFO  [main] Clicking on element jira.homePage.labelField
2023-09-12 16:48:43,585 INFO  [main] Clicking on element //button[@data-testid='issue-create.common.ui.footer.create-button']
